<?xml version="1.0" encoding="UTF-8"?>
<testng-results skipped="0" failed="0" ignored="0" total="1" passed="1">
  <reporter-output>
  </reporter-output>
  <suite name="Default suite" duration-ms="9694" started-at="2019-10-05T11:07:37Z" finished-at="2019-10-05T11:07:46Z">
    <groups>
    </groups>
    <test name="Default test" duration-ms="9694" started-at="2019-10-05T11:07:37Z" finished-at="2019-10-05T11:07:46Z">
      <class name="sample.Sampletest">
        <test-method status="PASS" signature="firsttest()[pri:0, instance:sample.Sampletest@475530b9]" name="firsttest" duration-ms="9638" started-at="2019-10-05T11:07:37Z" finished-at="2019-10-05T11:07:46Z">
          <reporter-output>
          </reporter-output>
        </test-method> <!-- firsttest -->
      </class> <!-- sample.Sampletest -->
    </test> <!-- Default test -->
  </suite> <!-- Default suite -->
</testng-results>
